<?xml version="1.0" encoding="utf-8"?><testsuites><testsuite name="pytest" errors="0" failures="1" skipped="0" tests="1" time="0.404" timestamp="2024-12-16T16:04:17.583510" hostname="MBThornton-M92.local"><testcase classname="tests.test_nmdcapi_integration" name="test_nmdcapi_basics" time="0.002"><failure message="AssertionError: Unimplemented&#10;assert False">requests_mock = &lt;requests_mock.mocker.Mocker object at 0x10c76b650&gt;, site_config_file = PosixPath('/Users/MBThornton/Documents/code/nmdc_automation/tests/site_configuration_test.toml')

    @pytest.mark.integration
    def test_nmdcapi_basics(requests_mock, site_config_file):
&gt;       assert False, "Unimplemented"
E       AssertionError: Unimplemented
E       assert False

tests/test_nmdcapi_integration.py:10: AssertionError</failure></testcase></testsuite></testsuites>